2014-06-13 17:07:43,493 INFO [org.apache.struts.action.ActionServlet] - Loading chain catalog from jar:file:/C:/Users/v-hary/git/MagoBlog/MagoBlog/WEB-INF/lib/struts-core-1.3.10.jar!/org/apache/struts/chain/chain-config.xml
2014-06-13 17:07:43,855 INFO [com.mago.web.action.InitConfigServlet] - Starting initiate DB connection......
2014-06-13 17:07:43,856 INFO [com.mago.web.action.InitConfigServlet] - DB connection keepalive is set on : 5 minutes.
2014-06-13 17:07:44,422 INFO [com.mago.web.action.InitConfigServlet] - Initiate DB connection finished. Number of connections to DB: 20
2014-06-13 17:07:44,423 INFO [com.mago.web.action.InitConfigServlet] - Session Expire Period is set on : 10 minutes.
2014-06-13 17:07:51,017 INFO [org.apache.struts.chain.ComposableRequestProcessor] - Initializing composable request processor for module prefix ''
2014-06-13 17:07:51,153 INFO [org.apache.struts.chain.commands.servlet.CreateAction] - Initialize action of type: com.mago.web.action.GetArticleAction
2014-06-13 17:07:51,161 DEBUG [com.mago.db.DBConnectionManager] - Connection [0] is fetched from connection pool and will be used for the following operation.
2014-06-13 17:07:51,162 DEBUG [com.mago.web.action.GetArticleAction] - Get the article according the articleId from DataBase!
2014-06-13 17:07:51,167 DEBUG [com.mago.db.DBConnection] - Start get the article from article_base,article_ext,user_ext tables!
2014-06-13 17:07:51,175 DEBUG [com.mago.db.DBConnection] - End get the article from article_base,article_ext,user_ext tables!
2014-06-13 17:07:51,176 DEBUG [com.mago.web.action.GetArticleAction] - Successed to get the article from DataBase!
2014-06-13 17:07:51,181 DEBUG [com.mago.db.DBConnectionManager] - Connection [1] is fetched from connection pool and will be used for the following operation.
2014-06-13 17:07:51,183 DEBUG [com.mago.db.DBConnection] - Start get viewNum(articleId=4) from article_base table!
2014-06-13 17:07:51,184 DEBUG [com.mago.db.DBConnection] - End get viewNum(articleId=4) from article_base table!
2014-06-13 17:07:51,183 DEBUG [com.mago.db.DBConnectionManager] - Connection [2] is fetched from connection pool and will be used for the following operation.
2014-06-13 17:07:51,220 DEBUG [com.mago.db.DBConnection] - Update viewNum of the special article(articleId=4)!
2014-06-13 17:07:51,245 INFO [org.apache.struts.chain.commands.servlet.CreateAction] - Initialize action of type: com.mago.web.action.GetNavAction
2014-06-13 17:07:51,262 INFO [org.apache.struts.chain.commands.servlet.CreateAction] - Initialize action of type: com.mago.web.action.GetNewestArticleAction
2014-06-13 17:07:53,701 DEBUG [com.mago.db.DBConnectionManager] - Connection [3] is fetched from connection pool and will be used for the following operation.
2014-06-13 17:07:53,704 DEBUG [com.mago.db.DBConnectionManager] - Connection [4] is fetched from connection pool and will be used for the following operation.
2014-06-13 17:07:53,705 DEBUG [com.mago.db.DBConnection] - Start get viewNum(articleId=4) from article_base table!
2014-06-13 17:07:53,707 DEBUG [com.mago.db.DBConnection] - End get viewNum(articleId=4) from article_base table!
2014-06-13 17:07:53,737 DEBUG [com.mago.db.DBConnection] - Update viewNum of the special article(articleId=4)!
2014-06-13 17:07:57,592 INFO [org.apache.struts.chain.commands.servlet.CreateAction] - Initialize action of type: com.mago.web.action.GetListAction
2014-06-13 17:08:00,785 DEBUG [com.mago.db.DBConnectionManager] - Connection [5] is fetched from connection pool and will be used for the following operation.
2014-06-13 17:08:00,788 DEBUG [com.mago.db.DBConnectionManager] - Connection [6] is fetched from connection pool and will be used for the following operation.
2014-06-13 17:08:00,792 DEBUG [com.mago.db.DBConnection] - Start get viewNum(articleId=4) from article_base table!
2014-06-13 17:08:00,793 DEBUG [com.mago.db.DBConnection] - End get viewNum(articleId=4) from article_base table!
2014-06-13 17:08:00,846 DEBUG [com.mago.db.DBConnection] - Update viewNum of the special article(articleId=4)!
2014-06-13 17:08:12,639 DEBUG [com.mago.db.DBConnectionManager] - Connection [7] is fetched from connection pool and will be used for the following operation.
2014-06-13 17:08:12,640 DEBUG [com.mago.web.action.GetListAction] - Get articles list from DataBase!
2014-06-13 17:08:12,642 DEBUG [com.mago.db.DBConnection] - Start get article list from article_base,article_ext,user_ext tables!
2014-06-13 17:08:12,643 DEBUG [com.mago.db.DBConnection] - End get article list from article_base,article_ext,user_ext tables!
2014-06-13 17:08:12,643 DEBUG [com.mago.web.action.GetListAction] - Successed to get articles list from DataBase!
2014-06-13 17:08:14,992 DEBUG [com.mago.db.DBConnectionManager] - Connection [8] is fetched from connection pool and will be used for the following operation.
2014-06-13 17:08:14,995 DEBUG [com.mago.web.action.GetListAction] - Get articles list from DataBase!
2014-06-13 17:08:14,999 DEBUG [com.mago.db.DBConnection] - Start get article list from article_base,article_ext,user_ext tables!
2014-06-13 17:08:15,003 DEBUG [com.mago.db.DBConnection] - End get article list from article_base,article_ext,user_ext tables!
2014-06-13 17:08:15,006 DEBUG [com.mago.web.action.GetListAction] - Successed to get articles list from DataBase!
2014-06-13 17:08:16,720 DEBUG [com.mago.db.DBConnectionManager] - Connection [9] is fetched from connection pool and will be used for the following operation.
2014-06-13 17:08:16,720 DEBUG [com.mago.web.action.GetListAction] - Get articles list from DataBase!
2014-06-13 17:08:16,722 DEBUG [com.mago.db.DBConnection] - Start get article list from article_base,article_ext,user_ext tables!
2014-06-13 17:08:16,723 DEBUG [com.mago.db.DBConnection] - End get article list from article_base,article_ext,user_ext tables!
2014-06-13 17:08:16,723 DEBUG [com.mago.web.action.GetListAction] - Successed to get articles list from DataBase!
2014-06-13 17:08:18,338 DEBUG [com.mago.db.DBConnectionManager] - Connection [10] is fetched from connection pool and will be used for the following operation.
2014-06-13 17:08:18,338 DEBUG [com.mago.web.action.GetListAction] - Get articles list from DataBase!
2014-06-13 17:08:18,341 DEBUG [com.mago.db.DBConnection] - Start get article list from article_base,article_ext,user_ext tables!
2014-06-13 17:08:18,341 DEBUG [com.mago.db.DBConnection] - End get article list from article_base,article_ext,user_ext tables!
2014-06-13 17:08:18,342 DEBUG [com.mago.web.action.GetListAction] - Successed to get articles list from DataBase!
2014-06-13 17:08:19,622 DEBUG [com.mago.db.DBConnectionManager] - Connection [11] is fetched from connection pool and will be used for the following operation.
2014-06-13 17:08:19,623 DEBUG [com.mago.web.action.GetListAction] - Get articles list from DataBase!
2014-06-13 17:08:19,625 DEBUG [com.mago.db.DBConnection] - Start get article list from article_base,article_ext,user_ext tables!
2014-06-13 17:08:19,627 DEBUG [com.mago.db.DBConnection] - End get article list from article_base,article_ext,user_ext tables!
2014-06-13 17:08:19,628 DEBUG [com.mago.web.action.GetListAction] - Successed to get articles list from DataBase!
2014-06-13 17:08:20,965 DEBUG [com.mago.db.DBConnectionManager] - Connection [12] is fetched from connection pool and will be used for the following operation.
2014-06-13 17:08:20,966 DEBUG [com.mago.web.action.GetListAction] - Get articles list from DataBase!
2014-06-13 17:08:20,968 DEBUG [com.mago.db.DBConnection] - Start get article list from article_base,article_ext,user_ext tables!
2014-06-13 17:08:20,969 DEBUG [com.mago.db.DBConnection] - End get article list from article_base,article_ext,user_ext tables!
2014-06-13 17:08:20,969 DEBUG [com.mago.web.action.GetListAction] - Successed to get articles list from DataBase!
2014-06-13 17:08:22,310 DEBUG [com.mago.db.DBConnectionManager] - Connection [13] is fetched from connection pool and will be used for the following operation.
2014-06-13 17:08:22,312 DEBUG [com.mago.web.action.GetListAction] - Get articles list from DataBase!
2014-06-13 17:08:22,317 DEBUG [com.mago.db.DBConnection] - Start get article list from article_base,article_ext,user_ext tables!
2014-06-13 17:08:22,318 DEBUG [com.mago.db.DBConnection] - End get article list from article_base,article_ext,user_ext tables!
2014-06-13 17:08:22,319 DEBUG [com.mago.web.action.GetListAction] - Successed to get articles list from DataBase!
2014-06-13 17:08:27,403 DEBUG [com.mago.db.DBConnectionManager] - Connection [14] is fetched from connection pool and will be used for the following operation.
2014-06-13 17:08:27,408 DEBUG [com.mago.db.DBConnectionManager] - Connection [15] is fetched from connection pool and will be used for the following operation.
2014-06-13 17:08:27,420 DEBUG [com.mago.db.DBConnection] - Start get viewNum(articleId=4) from article_base table!
2014-06-13 17:08:27,424 DEBUG [com.mago.db.DBConnection] - End get viewNum(articleId=4) from article_base table!
2014-06-13 17:08:27,449 DEBUG [com.mago.db.DBConnection] - Update viewNum of the special article(articleId=4)!
2014-06-13 17:08:29,670 DEBUG [com.mago.db.DBConnectionManager] - Connection [16] is fetched from connection pool and will be used for the following operation.
2014-06-13 17:08:29,671 DEBUG [com.mago.db.DBConnectionManager] - Connection [17] is fetched from connection pool and will be used for the following operation.
2014-06-13 17:08:29,677 DEBUG [com.mago.db.DBConnection] - Start get viewNum(articleId=4) from article_base table!
2014-06-13 17:08:29,678 DEBUG [com.mago.db.DBConnection] - End get viewNum(articleId=4) from article_base table!
2014-06-13 17:08:29,705 DEBUG [com.mago.db.DBConnection] - Update viewNum of the special article(articleId=4)!
2014-06-13 17:08:31,397 DEBUG [com.mago.db.DBConnectionManager] - Connection [18] is fetched from connection pool and will be used for the following operation.
2014-06-13 17:08:31,403 DEBUG [com.mago.db.DBConnectionManager] - Connection [19] is fetched from connection pool and will be used for the following operation.
2014-06-13 17:08:31,407 DEBUG [com.mago.db.DBConnection] - Start get viewNum(articleId=4) from article_base table!
2014-06-13 17:08:31,420 DEBUG [com.mago.db.DBConnection] - End get viewNum(articleId=4) from article_base table!
2014-06-13 17:08:31,448 DEBUG [com.mago.db.DBConnection] - Update viewNum of the special article(articleId=4)!
2014-06-13 17:08:32,467 WARN [com.mago.db.DBConnectionManager] - Connection pool is fully occupied, there must be some operations which does not release the DB connections, report to system operator!
2014-06-13 17:08:32,502 DEBUG [com.mago.db.DBConnectionManager] - Connection [100] is used for the following operation.
2014-06-13 17:08:32,502 WARN [com.mago.db.DBConnectionManager] - Connection pool is fully occupied, there must be some operations which does not release the DB connections, report to system operator!
2014-06-13 17:08:32,503 DEBUG [com.mago.db.DBConnection] - Start get viewNum(articleId=4) from article_base table!
2014-06-13 17:08:32,504 DEBUG [com.mago.db.DBConnection] - End get viewNum(articleId=4) from article_base table!
2014-06-13 17:08:32,559 DEBUG [com.mago.db.DBConnectionManager] - Connection [100] is used for the following operation.
2014-06-13 17:08:32,622 DEBUG [com.mago.db.DBConnection] - Update viewNum of the special article(articleId=4)!
2014-06-13 17:08:33,631 WARN [com.mago.db.DBConnectionManager] - Connection pool is fully occupied, there must be some operations which does not release the DB connections, report to system operator!
2014-06-13 17:08:33,696 DEBUG [com.mago.db.DBConnectionManager] - Connection [100] is used for the following operation.
2014-06-13 17:08:33,697 WARN [com.mago.db.DBConnectionManager] - Connection pool is fully occupied, there must be some operations which does not release the DB connections, report to system operator!
2014-06-13 17:08:33,699 DEBUG [com.mago.db.DBConnection] - Start get viewNum(articleId=4) from article_base table!
2014-06-13 17:08:33,702 DEBUG [com.mago.db.DBConnection] - End get viewNum(articleId=4) from article_base table!
2014-06-13 17:08:33,756 DEBUG [com.mago.db.DBConnectionManager] - Connection [100] is used for the following operation.
2014-06-13 17:08:33,837 DEBUG [com.mago.db.DBConnection] - Update viewNum of the special article(articleId=4)!
2014-06-13 17:08:35,365 WARN [com.mago.db.DBConnectionManager] - Connection pool is fully occupied, there must be some operations which does not release the DB connections, report to system operator!
2014-06-13 17:08:35,405 DEBUG [com.mago.db.DBConnectionManager] - Connection [100] is used for the following operation.
2014-06-13 17:08:35,407 DEBUG [com.mago.db.DBConnection] - Start get viewNum(articleId=4) from article_base table!
2014-06-13 17:08:35,408 DEBUG [com.mago.db.DBConnection] - End get viewNum(articleId=4) from article_base table!
2014-06-13 17:08:35,407 WARN [com.mago.db.DBConnectionManager] - Connection pool is fully occupied, there must be some operations which does not release the DB connections, report to system operator!
2014-06-13 17:08:35,471 DEBUG [com.mago.db.DBConnectionManager] - Connection [100] is used for the following operation.
2014-06-13 17:08:35,510 DEBUG [com.mago.db.DBConnection] - Update viewNum of the special article(articleId=4)!
2014-06-13 17:08:36,366 WARN [com.mago.db.DBConnectionManager] - Connection pool is fully occupied, there must be some operations which does not release the DB connections, report to system operator!
2014-06-13 17:08:36,404 DEBUG [com.mago.db.DBConnectionManager] - Connection [100] is used for the following operation.
2014-06-13 17:08:36,405 WARN [com.mago.db.DBConnectionManager] - Connection pool is fully occupied, there must be some operations which does not release the DB connections, report to system operator!
2014-06-13 17:08:36,406 DEBUG [com.mago.db.DBConnection] - Start get viewNum(articleId=4) from article_base table!
2014-06-13 17:08:36,408 DEBUG [com.mago.db.DBConnection] - End get viewNum(articleId=4) from article_base table!
2014-06-13 17:08:36,438 DEBUG [com.mago.db.DBConnectionManager] - Connection [100] is used for the following operation.
2014-06-13 17:08:36,471 DEBUG [com.mago.db.DBConnection] - Update viewNum of the special article(articleId=4)!
2014-06-13 17:08:37,056 WARN [com.mago.db.DBConnectionManager] - Connection pool is fully occupied, there must be some operations which does not release the DB connections, report to system operator!
2014-06-13 17:08:37,087 DEBUG [com.mago.db.DBConnectionManager] - Connection [100] is used for the following operation.
2014-06-13 17:08:37,088 DEBUG [com.mago.db.DBConnection] - Start get viewNum(articleId=4) from article_base table!
2014-06-13 17:08:37,088 DEBUG [com.mago.db.DBConnection] - End get viewNum(articleId=4) from article_base table!
2014-06-13 17:08:37,089 WARN [com.mago.db.DBConnectionManager] - Connection pool is fully occupied, there must be some operations which does not release the DB connections, report to system operator!
2014-06-13 17:08:37,127 DEBUG [com.mago.db.DBConnectionManager] - Connection [100] is used for the following operation.
2014-06-13 17:08:37,164 DEBUG [com.mago.db.DBConnection] - Update viewNum of the special article(articleId=4)!
2014-06-13 17:08:37,695 WARN [com.mago.db.DBConnectionManager] - Connection pool is fully occupied, there must be some operations which does not release the DB connections, report to system operator!
2014-06-13 17:08:37,740 DEBUG [com.mago.db.DBConnectionManager] - Connection [100] is used for the following operation.
2014-06-13 17:08:37,741 DEBUG [com.mago.db.DBConnection] - Start get viewNum(articleId=4) from article_base table!
2014-06-13 17:08:37,741 DEBUG [com.mago.db.DBConnection] - End get viewNum(articleId=4) from article_base table!
2014-06-13 17:08:37,741 WARN [com.mago.db.DBConnectionManager] - Connection pool is fully occupied, there must be some operations which does not release the DB connections, report to system operator!
2014-06-13 17:08:37,767 DEBUG [com.mago.db.DBConnectionManager] - Connection [100] is used for the following operation.
2014-06-13 17:08:37,821 DEBUG [com.mago.db.DBConnection] - Update viewNum of the special article(articleId=4)!
2014-06-13 17:08:38,010 WARN [com.mago.db.DBConnectionManager] - Connection pool is fully occupied, there must be some operations which does not release the DB connections, report to system operator!
2014-06-13 17:08:38,032 DEBUG [com.mago.db.DBConnectionManager] - Connection [100] is used for the following operation.
2014-06-13 17:08:38,033 WARN [com.mago.db.DBConnectionManager] - Connection pool is fully occupied, there must be some operations which does not release the DB connections, report to system operator!
2014-06-13 17:08:38,034 DEBUG [com.mago.db.DBConnection] - Start get viewNum(articleId=4) from article_base table!
2014-06-13 17:08:38,039 DEBUG [com.mago.db.DBConnection] - End get viewNum(articleId=4) from article_base table!
2014-06-13 17:08:38,058 DEBUG [com.mago.db.DBConnectionManager] - Connection [100] is used for the following operation.
2014-06-13 17:08:38,104 DEBUG [com.mago.db.DBConnection] - Update viewNum of the special article(articleId=4)!
2014-06-13 17:08:38,193 WARN [com.mago.db.DBConnectionManager] - Connection pool is fully occupied, there must be some operations which does not release the DB connections, report to system operator!
2014-06-13 17:08:38,214 DEBUG [com.mago.db.DBConnectionManager] - Connection [100] is used for the following operation.
2014-06-13 17:08:38,215 WARN [com.mago.db.DBConnectionManager] - Connection pool is fully occupied, there must be some operations which does not release the DB connections, report to system operator!
2014-06-13 17:08:38,215 DEBUG [com.mago.db.DBConnection] - Start get viewNum(articleId=4) from article_base table!
2014-06-13 17:08:38,223 DEBUG [com.mago.db.DBConnection] - End get viewNum(articleId=4) from article_base table!
2014-06-13 17:08:38,271 DEBUG [com.mago.db.DBConnectionManager] - Connection [100] is used for the following operation.
2014-06-13 17:08:38,304 DEBUG [com.mago.db.DBConnection] - Update viewNum of the special article(articleId=4)!
2014-06-13 17:08:38,349 WARN [com.mago.db.DBConnectionManager] - Connection pool is fully occupied, there must be some operations which does not release the DB connections, report to system operator!
2014-06-13 17:08:38,402 DEBUG [com.mago.db.DBConnectionManager] - Connection [100] is used for the following operation.
2014-06-13 17:08:38,403 WARN [com.mago.db.DBConnectionManager] - Connection pool is fully occupied, there must be some operations which does not release the DB connections, report to system operator!
2014-06-13 17:08:38,403 DEBUG [com.mago.db.DBConnection] - Start get viewNum(articleId=4) from article_base table!
2014-06-13 17:08:38,404 DEBUG [com.mago.db.DBConnection] - End get viewNum(articleId=4) from article_base table!
2014-06-13 17:08:38,510 DEBUG [com.mago.db.DBConnectionManager] - Connection [100] is used for the following operation.
2014-06-13 17:08:38,537 DEBUG [com.mago.db.DBConnection] - Update viewNum of the special article(articleId=4)!
2014-06-13 17:08:38,660 WARN [com.mago.db.DBConnectionManager] - Connection pool is fully occupied, there must be some operations which does not release the DB connections, report to system operator!
2014-06-13 17:08:38,703 DEBUG [com.mago.db.DBConnectionManager] - Connection [100] is used for the following operation.
2014-06-13 17:08:38,706 DEBUG [com.mago.db.DBConnection] - Start get viewNum(articleId=4) from article_base table!
2014-06-13 17:08:38,707 DEBUG [com.mago.db.DBConnection] - End get viewNum(articleId=4) from article_base table!
2014-06-13 17:08:38,706 WARN [com.mago.db.DBConnectionManager] - Connection pool is fully occupied, there must be some operations which does not release the DB connections, report to system operator!
2014-06-13 17:08:38,734 DEBUG [com.mago.db.DBConnectionManager] - Connection [100] is used for the following operation.
2014-06-13 17:08:38,762 DEBUG [com.mago.db.DBConnection] - Update viewNum of the special article(articleId=4)!
2014-06-13 17:08:38,839 WARN [com.mago.db.DBConnectionManager] - Connection pool is fully occupied, there must be some operations which does not release the DB connections, report to system operator!
2014-06-13 17:08:38,908 DEBUG [com.mago.db.DBConnectionManager] - Connection [100] is used for the following operation.
2014-06-13 17:08:38,914 DEBUG [com.mago.db.DBConnection] - Start get viewNum(articleId=4) from article_base table!
2014-06-13 17:08:38,914 DEBUG [com.mago.db.DBConnection] - End get viewNum(articleId=4) from article_base table!
2014-06-13 17:08:38,919 WARN [com.mago.db.DBConnectionManager] - Connection pool is fully occupied, there must be some operations which does not release the DB connections, report to system operator!
2014-06-13 17:08:38,992 DEBUG [com.mago.db.DBConnectionManager] - Connection [100] is used for the following operation.
2014-06-13 17:08:39,021 DEBUG [com.mago.db.DBConnection] - Update viewNum of the special article(articleId=4)!
2014-06-13 17:08:39,094 WARN [com.mago.db.DBConnectionManager] - Connection pool is fully occupied, there must be some operations which does not release the DB connections, report to system operator!
2014-06-13 17:08:39,115 DEBUG [com.mago.db.DBConnectionManager] - Connection [100] is used for the following operation.
2014-06-13 17:08:39,116 DEBUG [com.mago.db.DBConnection] - Start get viewNum(articleId=4) from article_base table!
2014-06-13 17:08:39,117 DEBUG [com.mago.db.DBConnection] - End get viewNum(articleId=4) from article_base table!
2014-06-13 17:08:39,116 WARN [com.mago.db.DBConnectionManager] - Connection pool is fully occupied, there must be some operations which does not release the DB connections, report to system operator!
2014-06-13 17:08:39,162 DEBUG [com.mago.db.DBConnectionManager] - Connection [100] is used for the following operation.
2014-06-13 17:08:39,196 DEBUG [com.mago.db.DBConnection] - Update viewNum of the special article(articleId=4)!
2014-06-13 17:08:39,264 WARN [com.mago.db.DBConnectionManager] - Connection pool is fully occupied, there must be some operations which does not release the DB connections, report to system operator!
2014-06-13 17:08:39,294 DEBUG [com.mago.db.DBConnectionManager] - Connection [100] is used for the following operation.
2014-06-13 17:08:39,296 DEBUG [com.mago.db.DBConnection] - Start get viewNum(articleId=4) from article_base table!
2014-06-13 17:08:39,296 DEBUG [com.mago.db.DBConnection] - End get viewNum(articleId=4) from article_base table!
2014-06-13 17:08:39,297 WARN [com.mago.db.DBConnectionManager] - Connection pool is fully occupied, there must be some operations which does not release the DB connections, report to system operator!
2014-06-13 17:08:39,367 DEBUG [com.mago.db.DBConnectionManager] - Connection [100] is used for the following operation.
2014-06-13 17:08:39,395 DEBUG [com.mago.db.DBConnection] - Update viewNum of the special article(articleId=4)!
2014-06-13 17:08:39,443 WARN [com.mago.db.DBConnectionManager] - Connection pool is fully occupied, there must be some operations which does not release the DB connections, report to system operator!
2014-06-13 17:08:39,475 DEBUG [com.mago.db.DBConnectionManager] - Connection [100] is used for the following operation.
2014-06-13 17:08:39,476 DEBUG [com.mago.db.DBConnection] - Start get viewNum(articleId=4) from article_base table!
2014-06-13 17:08:39,476 DEBUG [com.mago.db.DBConnection] - End get viewNum(articleId=4) from article_base table!
2014-06-13 17:08:39,476 WARN [com.mago.db.DBConnectionManager] - Connection pool is fully occupied, there must be some operations which does not release the DB connections, report to system operator!
2014-06-13 17:08:39,507 DEBUG [com.mago.db.DBConnectionManager] - Connection [100] is used for the following operation.
2014-06-13 17:08:39,546 DEBUG [com.mago.db.DBConnection] - Update viewNum of the special article(articleId=4)!
2014-06-13 17:08:39,569 WARN [com.mago.db.DBConnectionManager] - Connection pool is fully occupied, there must be some operations which does not release the DB connections, report to system operator!
2014-06-13 17:08:39,588 DEBUG [com.mago.db.DBConnectionManager] - Connection [100] is used for the following operation.
2014-06-13 17:08:39,588 WARN [com.mago.db.DBConnectionManager] - Connection pool is fully occupied, there must be some operations which does not release the DB connections, report to system operator!
2014-06-13 17:08:39,589 DEBUG [com.mago.db.DBConnection] - Start get viewNum(articleId=4) from article_base table!
2014-06-13 17:08:39,590 DEBUG [com.mago.db.DBConnection] - End get viewNum(articleId=4) from article_base table!
2014-06-13 17:08:39,607 DEBUG [com.mago.db.DBConnectionManager] - Connection [100] is used for the following operation.
2014-06-13 17:08:39,638 DEBUG [com.mago.db.DBConnection] - Update viewNum of the special article(articleId=4)!
2014-06-13 17:08:39,796 WARN [com.mago.db.DBConnectionManager] - Connection pool is fully occupied, there must be some operations which does not release the DB connections, report to system operator!
2014-06-13 17:08:39,824 DEBUG [com.mago.db.DBConnectionManager] - Connection [100] is used for the following operation.
2014-06-13 17:08:39,826 WARN [com.mago.db.DBConnectionManager] - Connection pool is fully occupied, there must be some operations which does not release the DB connections, report to system operator!
2014-06-13 17:08:39,827 DEBUG [com.mago.db.DBConnection] - Start get viewNum(articleId=4) from article_base table!
2014-06-13 17:08:39,837 DEBUG [com.mago.db.DBConnection] - End get viewNum(articleId=4) from article_base table!
2014-06-13 17:08:39,850 DEBUG [com.mago.db.DBConnectionManager] - Connection [100] is used for the following operation.
2014-06-13 17:08:39,879 DEBUG [com.mago.db.DBConnection] - Update viewNum of the special article(articleId=4)!
2014-06-13 17:08:39,978 WARN [com.mago.db.DBConnectionManager] - Connection pool is fully occupied, there must be some operations which does not release the DB connections, report to system operator!
2014-06-13 17:08:40,029 DEBUG [com.mago.db.DBConnectionManager] - Connection [100] is used for the following operation.
2014-06-13 17:08:40,031 DEBUG [com.mago.db.DBConnection] - Start get viewNum(articleId=4) from article_base table!
2014-06-13 17:08:40,031 DEBUG [com.mago.db.DBConnection] - End get viewNum(articleId=4) from article_base table!
2014-06-13 17:08:40,031 WARN [com.mago.db.DBConnectionManager] - Connection pool is fully occupied, there must be some operations which does not release the DB connections, report to system operator!
2014-06-13 17:08:40,057 DEBUG [com.mago.db.DBConnectionManager] - Connection [100] is used for the following operation.
2014-06-13 17:08:40,095 DEBUG [com.mago.db.DBConnection] - Update viewNum of the special article(articleId=4)!
2014-06-13 17:08:40,245 WARN [com.mago.db.DBConnectionManager] - Connection pool is fully occupied, there must be some operations which does not release the DB connections, report to system operator!
2014-06-13 17:08:40,284 DEBUG [com.mago.db.DBConnectionManager] - Connection [100] is used for the following operation.
2014-06-13 17:08:40,285 DEBUG [com.mago.db.DBConnection] - Start get viewNum(articleId=4) from article_base table!
2014-06-13 17:08:40,286 DEBUG [com.mago.db.DBConnection] - End get viewNum(articleId=4) from article_base table!
2014-06-13 17:08:40,285 WARN [com.mago.db.DBConnectionManager] - Connection pool is fully occupied, there must be some operations which does not release the DB connections, report to system operator!
2014-06-13 17:08:40,323 DEBUG [com.mago.db.DBConnectionManager] - Connection [100] is used for the following operation.
2014-06-13 17:08:40,353 DEBUG [com.mago.db.DBConnection] - Update viewNum of the special article(articleId=4)!
2014-06-13 17:08:40,553 WARN [com.mago.db.DBConnectionManager] - Connection pool is fully occupied, there must be some operations which does not release the DB connections, report to system operator!
2014-06-13 17:08:40,603 DEBUG [com.mago.db.DBConnectionManager] - Connection [100] is used for the following operation.
2014-06-13 17:08:40,606 DEBUG [com.mago.db.DBConnection] - Start get viewNum(articleId=4) from article_base table!
2014-06-13 17:08:40,608 DEBUG [com.mago.db.DBConnection] - End get viewNum(articleId=4) from article_base table!
2014-06-13 17:08:40,609 WARN [com.mago.db.DBConnectionManager] - Connection pool is fully occupied, there must be some operations which does not release the DB connections, report to system operator!
2014-06-13 17:08:40,639 DEBUG [com.mago.db.DBConnectionManager] - Connection [100] is used for the following operation.
2014-06-13 17:08:40,755 DEBUG [com.mago.db.DBConnection] - Update viewNum of the special article(articleId=4)!
2014-06-13 17:08:40,896 WARN [com.mago.db.DBConnectionManager] - Connection pool is fully occupied, there must be some operations which does not release the DB connections, report to system operator!
2014-06-13 17:08:40,920 DEBUG [com.mago.db.DBConnectionManager] - Connection [100] is used for the following operation.
2014-06-13 17:08:40,926 WARN [com.mago.db.DBConnectionManager] - Connection pool is fully occupied, there must be some operations which does not release the DB connections, report to system operator!
2014-06-13 17:08:40,927 DEBUG [com.mago.db.DBConnection] - Start get viewNum(articleId=4) from article_base table!
2014-06-13 17:08:40,945 DEBUG [com.mago.db.DBConnection] - End get viewNum(articleId=4) from article_base table!
2014-06-13 17:08:40,992 DEBUG [com.mago.db.DBConnectionManager] - Connection [100] is used for the following operation.
2014-06-13 17:08:41,020 DEBUG [com.mago.db.DBConnection] - Update viewNum of the special article(articleId=4)!
2014-06-13 17:08:41,020 WARN [com.mago.db.DBConnectionManager] - Connection pool is fully occupied, there must be some operations which does not release the DB connections, report to system operator!
2014-06-13 17:08:41,046 DEBUG [com.mago.db.DBConnectionManager] - Connection [100] is used for the following operation.
2014-06-13 17:08:41,046 WARN [com.mago.db.DBConnectionManager] - Connection pool is fully occupied, there must be some operations which does not release the DB connections, report to system operator!
2014-06-13 17:08:41,047 DEBUG [com.mago.db.DBConnection] - Start get viewNum(articleId=4) from article_base table!
2014-06-13 17:08:41,047 DEBUG [com.mago.db.DBConnection] - End get viewNum(articleId=4) from article_base table!
2014-06-13 17:08:41,090 DEBUG [com.mago.db.DBConnectionManager] - Connection [100] is used for the following operation.
2014-06-13 17:08:41,121 DEBUG [com.mago.db.DBConnection] - Update viewNum of the special article(articleId=4)!
2014-06-13 17:08:41,304 WARN [com.mago.db.DBConnectionManager] - Connection pool is fully occupied, there must be some operations which does not release the DB connections, report to system operator!
2014-06-13 17:08:41,332 DEBUG [com.mago.db.DBConnectionManager] - Connection [100] is used for the following operation.
2014-06-13 17:08:41,332 WARN [com.mago.db.DBConnectionManager] - Connection pool is fully occupied, there must be some operations which does not release the DB connections, report to system operator!
2014-06-13 17:08:41,332 DEBUG [com.mago.db.DBConnection] - Start get viewNum(articleId=4) from article_base table!
2014-06-13 17:08:41,341 DEBUG [com.mago.db.DBConnection] - End get viewNum(articleId=4) from article_base table!
2014-06-13 17:08:41,380 DEBUG [com.mago.db.DBConnectionManager] - Connection [100] is used for the following operation.
2014-06-13 17:08:41,422 DEBUG [com.mago.db.DBConnection] - Update viewNum of the special article(articleId=4)!
2014-06-13 17:08:41,579 WARN [com.mago.db.DBConnectionManager] - Connection pool is fully occupied, there must be some operations which does not release the DB connections, report to system operator!
2014-06-13 17:08:41,598 DEBUG [com.mago.db.DBConnectionManager] - Connection [100] is used for the following operation.
2014-06-13 17:08:41,601 DEBUG [com.mago.db.DBConnection] - Start get viewNum(articleId=4) from article_base table!
2014-06-13 17:08:41,602 DEBUG [com.mago.db.DBConnection] - End get viewNum(articleId=4) from article_base table!
2014-06-13 17:08:41,601 WARN [com.mago.db.DBConnectionManager] - Connection pool is fully occupied, there must be some operations which does not release the DB connections, report to system operator!
2014-06-13 17:08:41,641 DEBUG [com.mago.db.DBConnectionManager] - Connection [100] is used for the following operation.
2014-06-13 17:08:41,670 DEBUG [com.mago.db.DBConnection] - Update viewNum of the special article(articleId=4)!
2014-06-13 17:08:41,741 WARN [com.mago.db.DBConnectionManager] - Connection pool is fully occupied, there must be some operations which does not release the DB connections, report to system operator!
2014-06-13 17:08:41,780 DEBUG [com.mago.db.DBConnectionManager] - Connection [100] is used for the following operation.
2014-06-13 17:08:41,781 WARN [com.mago.db.DBConnectionManager] - Connection pool is fully occupied, there must be some operations which does not release the DB connections, report to system operator!
2014-06-13 17:08:41,781 DEBUG [com.mago.db.DBConnection] - Start get viewNum(articleId=4) from article_base table!
2014-06-13 17:08:41,783 DEBUG [com.mago.db.DBConnection] - End get viewNum(articleId=4) from article_base table!
2014-06-13 17:08:41,842 DEBUG [com.mago.db.DBConnectionManager] - Connection [100] is used for the following operation.
2014-06-13 17:08:41,883 DEBUG [com.mago.db.DBConnection] - Update viewNum of the special article(articleId=4)!
2014-06-13 17:08:42,037 WARN [com.mago.db.DBConnectionManager] - Connection pool is fully occupied, there must be some operations which does not release the DB connections, report to system operator!
2014-06-13 17:08:42,058 DEBUG [com.mago.db.DBConnectionManager] - Connection [100] is used for the following operation.
2014-06-13 17:08:42,060 DEBUG [com.mago.db.DBConnection] - Start get viewNum(articleId=4) from article_base table!
2014-06-13 17:08:42,061 DEBUG [com.mago.db.DBConnection] - End get viewNum(articleId=4) from article_base table!
2014-06-13 17:08:42,060 WARN [com.mago.db.DBConnectionManager] - Connection pool is fully occupied, there must be some operations which does not release the DB connections, report to system operator!
2014-06-13 17:08:42,125 DEBUG [com.mago.db.DBConnectionManager] - Connection [100] is used for the following operation.
2014-06-13 17:08:42,188 DEBUG [com.mago.db.DBConnection] - Update viewNum of the special article(articleId=4)!
2014-06-13 17:08:42,228 WARN [com.mago.db.DBConnectionManager] - Connection pool is fully occupied, there must be some operations which does not release the DB connections, report to system operator!
2014-06-13 17:08:42,263 DEBUG [com.mago.db.DBConnectionManager] - Connection [100] is used for the following operation.
2014-06-13 17:08:42,265 DEBUG [com.mago.db.DBConnection] - Start get viewNum(articleId=4) from article_base table!
2014-06-13 17:08:42,266 DEBUG [com.mago.db.DBConnection] - End get viewNum(articleId=4) from article_base table!
2014-06-13 17:08:42,265 WARN [com.mago.db.DBConnectionManager] - Connection pool is fully occupied, there must be some operations which does not release the DB connections, report to system operator!
2014-06-13 17:08:42,295 DEBUG [com.mago.db.DBConnectionManager] - Connection [100] is used for the following operation.
2014-06-13 17:08:42,338 DEBUG [com.mago.db.DBConnection] - Update viewNum of the special article(articleId=4)!
2014-06-13 17:08:42,543 WARN [com.mago.db.DBConnectionManager] - Connection pool is fully occupied, there must be some operations which does not release the DB connections, report to system operator!
2014-06-13 17:08:42,563 DEBUG [com.mago.db.DBConnectionManager] - Connection [100] is used for the following operation.
2014-06-13 17:08:42,565 DEBUG [com.mago.db.DBConnection] - Start get viewNum(articleId=4) from article_base table!
2014-06-13 17:08:42,566 DEBUG [com.mago.db.DBConnection] - End get viewNum(articleId=4) from article_base table!
2014-06-13 17:08:42,566 WARN [com.mago.db.DBConnectionManager] - Connection pool is fully occupied, there must be some operations which does not release the DB connections, report to system operator!
2014-06-13 17:08:42,586 DEBUG [com.mago.db.DBConnectionManager] - Connection [100] is used for the following operation.
2014-06-13 17:08:42,617 DEBUG [com.mago.db.DBConnection] - Update viewNum of the special article(articleId=4)!
2014-06-13 17:08:42,717 WARN [com.mago.db.DBConnectionManager] - Connection pool is fully occupied, there must be some operations which does not release the DB connections, report to system operator!
2014-06-13 17:08:42,745 DEBUG [com.mago.db.DBConnectionManager] - Connection [100] is used for the following operation.
2014-06-13 17:08:42,747 DEBUG [com.mago.db.DBConnection] - Start get viewNum(articleId=4) from article_base table!
2014-06-13 17:08:42,748 DEBUG [com.mago.db.DBConnection] - End get viewNum(articleId=4) from article_base table!
2014-06-13 17:08:42,747 WARN [com.mago.db.DBConnectionManager] - Connection pool is fully occupied, there must be some operations which does not release the DB connections, report to system operator!
2014-06-13 17:08:42,787 DEBUG [com.mago.db.DBConnectionManager] - Connection [100] is used for the following operation.
2014-06-13 17:08:42,846 DEBUG [com.mago.db.DBConnection] - Update viewNum of the special article(articleId=4)!
2014-06-17 10:34:09,991 INFO [org.apache.struts.action.ActionServlet] - Loading chain catalog from jar:file:/C:/Users/v-hary/git/MagoBlog/MagoBlog/WEB-INF/lib/struts-core-1.3.10.jar!/org/apache/struts/chain/chain-config.xml
2014-06-17 10:34:10,326 INFO [com.mago.web.action.InitConfigServlet] - Starting initiate DB connection......
2014-06-17 10:34:10,327 INFO [com.mago.web.action.InitConfigServlet] - DB connection keepalive is set on : 5 minutes.
2014-06-17 10:34:12,642 INFO [com.mago.web.action.InitConfigServlet] - Initiate DB connection finished. Number of connections to DB: 20
2014-06-17 10:34:12,642 INFO [com.mago.web.action.InitConfigServlet] - Session Expire Period is set on : 10 minutes.
2014-06-17 10:34:20,348 INFO [org.apache.struts.chain.ComposableRequestProcessor] - Initializing composable request processor for module prefix ''
2014-06-17 10:34:20,374 INFO [org.apache.struts.chain.commands.servlet.CreateAction] - Initialize action of type: com.mago.web.action.GetNavAction
2014-06-17 10:34:20,378 DEBUG [com.mago.db.DBConnectionManager] - Connection [0] is fetched from connection pool and will be used for the following operation.
2014-06-17 10:34:20,379 DEBUG [com.mago.db.DBConnection] - Get all the classes from DataBase!
2014-06-17 10:34:21,058 DEBUG [com.mago.db.DBConnection] - Start get all classes from classe table!
2014-06-17 10:34:21,067 DEBUG [com.mago.db.DBConnection] - End get all classes from classe table!
2014-06-17 10:34:21,067 DEBUG [com.mago.db.DBConnection] - Successed to get all the classes from DataBase!
2014-06-17 10:34:21,131 INFO [org.apache.struts.chain.commands.servlet.CreateAction] - Initialize action of type: com.mago.web.action.GetAdAction
2014-06-17 10:34:21,133 DEBUG [com.mago.db.DBConnectionManager] - Connection [1] is fetched from connection pool and will be used for the following operation.
2014-06-17 10:34:21,134 DEBUG [com.mago.web.action.GetAdAction] - Get the newest ad articles from DataBase!
2014-06-17 10:34:21,620 DEBUG [com.mago.db.DBConnection] - Start get ad list from article_base,article_extuser_ext tables!
2014-06-17 10:34:21,625 DEBUG [com.mago.db.DBConnection] - End get ad list from article_base,article_extuser_ext tables!
2014-06-17 10:34:21,626 DEBUG [com.mago.web.action.GetAdAction] - Successed to get newest ad articles from DataBase!
2014-06-17 10:34:21,710 INFO [org.apache.struts.chain.commands.servlet.CreateAction] - Initialize action of type: com.mago.web.action.GetMainServiceAction
2014-06-17 10:34:21,715 DEBUG [com.mago.db.DBConnectionManager] - Connection [2] is fetched from connection pool and will be used for the following operation.
2014-06-17 10:34:21,716 DEBUG [com.mago.web.action.GetMainServiceAction] - Get main services from DataBase!
2014-06-17 10:34:21,720 DEBUG [com.mago.db.DBConnection] - Start get all main service from article_base,article_ext tables!
2014-06-17 10:34:21,724 DEBUG [com.mago.db.DBConnection] - End get all classes from article_base,article_ext tables!
2014-06-17 10:34:21,726 DEBUG [com.mago.web.action.GetMainServiceAction] - Successed to get the main service from DataBase!
2014-06-17 10:34:21,773 INFO [org.apache.struts.chain.commands.servlet.CreateAction] - Initialize action of type: com.mago.web.action.GetProjectCarouselAction
2014-06-17 10:34:21,775 DEBUG [com.mago.db.DBConnectionManager] - Connection [3] is fetched from connection pool and will be used for the following operation.
2014-06-17 10:34:21,776 DEBUG [com.mago.web.action.GetProjectCarouselAction] - Get the newest pic articles viewed articles from DataBase!
2014-06-17 10:34:21,778 DEBUG [com.mago.db.DBConnection] - Start get newest picture list from article_base,article_extuser_ext tables!
2014-06-17 10:34:21,779 DEBUG [com.mago.db.DBConnection] - End get newest picture list from article_base,article_extuser_ext tables!
2014-06-17 10:34:21,779 DEBUG [com.mago.web.action.GetProjectCarouselAction] - Successed to get newest pic articles from DataBase!
2014-06-17 10:34:21,829 INFO [org.apache.struts.chain.commands.servlet.CreateAction] - Initialize action of type: com.mago.web.action.GetBlogCarouselAction
2014-06-17 10:34:21,831 DEBUG [com.mago.db.DBConnectionManager] - Connection [4] is fetched from connection pool and will be used for the following operation.
2014-06-17 10:34:21,831 DEBUG [com.mago.web.action.GetBlogCarouselAction] - Get the most viewed articles from DataBase!
2014-06-17 10:34:21,833 DEBUG [com.mago.db.DBConnection] - Start get article list from article_base,article_extuser_ext tables!
2014-06-17 10:34:21,836 DEBUG [com.mago.db.DBConnection] - End get article list from article_base,article_ext,user_ext tables!
2014-06-17 10:34:21,836 DEBUG [com.mago.web.action.GetBlogCarouselAction] - Successed to get most viewed articles from DataBase!
2014-06-17 10:34:31,586 INFO [org.apache.struts.chain.commands.servlet.CreateAction] - Initialize action of type: com.mago.web.action.GetArticleAction
2014-06-17 10:34:31,593 DEBUG [com.mago.db.DBConnectionManager] - Connection [5] is fetched from connection pool and will be used for the following operation.
2014-06-17 10:34:31,593 DEBUG [com.mago.web.action.GetArticleAction] - Get the article according the articleId from DataBase!
2014-06-17 10:34:31,596 DEBUG [com.mago.db.DBConnection] - Start get the article from article_base,article_ext,user_ext tables!
2014-06-17 10:34:31,600 DEBUG [com.mago.db.DBConnection] - End get the article from article_base,article_ext,user_ext tables!
2014-06-17 10:34:31,601 DEBUG [com.mago.web.action.GetArticleAction] - Successed to get the article from DataBase!
2014-06-17 10:34:31,603 DEBUG [com.mago.db.DBConnectionManager] - Connection [6] is fetched from connection pool and will be used for the following operation.
2014-06-17 10:34:31,604 DEBUG [com.mago.db.DBConnectionManager] - Connection [7] is fetched from connection pool and will be used for the following operation.
2014-06-17 10:34:31,605 DEBUG [com.mago.db.DBConnection] - Start get viewNum(articleId=3) from article_base table!
2014-06-17 10:34:31,606 DEBUG [com.mago.db.DBConnection] - End get viewNum(articleId=3) from article_base table!
2014-06-17 10:34:31,844 DEBUG [com.mago.db.DBConnection] - Update viewNum of the special article(articleId=3)!
2014-06-17 10:34:32,056 INFO [org.apache.struts.chain.commands.servlet.CreateAction] - Initialize action of type: com.mago.web.action.GetNewestArticleAction
2014-06-17 10:34:32,059 DEBUG [com.mago.db.DBConnectionManager] - Connection [8] is fetched from connection pool and will be used for the following operation.
2014-06-17 10:34:32,060 DEBUG [com.mago.web.action.GetNewestArticleAction] - Get the newest articles viewed articles from DataBase!
2014-06-17 10:34:32,062 DEBUG [com.mago.db.DBConnection] - Start get newest article list from article_base,article_extuser_ext tables!
2014-06-17 10:34:32,063 DEBUG [com.mago.db.DBConnection] - End get newest article list from article_base,article_ext,user_ext tables!
2014-06-17 10:34:32,064 DEBUG [com.mago.web.action.GetNewestArticleAction] - Successed to get newes articles from DataBase!
2014-06-17 10:34:35,863 INFO [org.apache.struts.chain.commands.servlet.CreateAction] - Initialize action of type: com.mago.web.action.GetListAction
2014-06-17 10:34:35,872 DEBUG [com.mago.db.DBConnectionManager] - Connection [9] is fetched from connection pool and will be used for the following operation.
2014-06-17 10:34:35,873 DEBUG [com.mago.web.action.GetListAction] - Get articles list from DataBase!
2014-06-17 10:34:35,875 DEBUG [com.mago.db.DBConnection] - Start get article list from article_base,article_ext,user_ext tables!
2014-06-17 10:34:35,876 DEBUG [com.mago.db.DBConnection] - End get article list from article_base,article_ext,user_ext tables!
2014-06-17 10:34:35,877 DEBUG [com.mago.web.action.GetListAction] - Successed to get articles list from DataBase!
2014-06-17 10:34:39,659 DEBUG [com.mago.db.DBConnectionManager] - Connection [10] is fetched from connection pool and will be used for the following operation.
2014-06-17 10:34:39,660 DEBUG [com.mago.web.action.GetListAction] - Get articles list from DataBase!
2014-06-17 10:34:39,662 DEBUG [com.mago.db.DBConnection] - Start get article list from article_base,article_ext,user_ext tables!
2014-06-17 10:34:39,663 DEBUG [com.mago.db.DBConnection] - End get article list from article_base,article_ext,user_ext tables!
2014-06-17 10:34:39,664 DEBUG [com.mago.web.action.GetListAction] - Successed to get articles list from DataBase!
2014-06-17 10:34:41,608 DEBUG [com.mago.db.DBConnectionManager] - Connection [11] is fetched from connection pool and will be used for the following operation.
2014-06-17 10:34:41,609 DEBUG [com.mago.web.action.GetArticleAction] - Get the article according the articleId from DataBase!
2014-06-17 10:34:41,613 DEBUG [com.mago.db.DBConnection] - Start get the article from article_base,article_ext,user_ext tables!
2014-06-17 10:34:41,615 DEBUG [com.mago.db.DBConnection] - End get the article from article_base,article_ext,user_ext tables!
2014-06-17 10:34:41,616 DEBUG [com.mago.web.action.GetArticleAction] - Successed to get the article from DataBase!
2014-06-17 10:34:41,619 DEBUG [com.mago.db.DBConnectionManager] - Connection [12] is fetched from connection pool and will be used for the following operation.
2014-06-17 10:34:41,625 DEBUG [com.mago.db.DBConnection] - Start get viewNum(articleId=2) from article_base table!
2014-06-17 10:34:41,626 DEBUG [com.mago.db.DBConnection] - End get viewNum(articleId=2) from article_base table!
2014-06-17 10:34:41,625 DEBUG [com.mago.db.DBConnectionManager] - Connection [13] is fetched from connection pool and will be used for the following operation.
2014-06-17 10:34:41,675 DEBUG [com.mago.db.DBConnection] - Update viewNum of the special article(articleId=2)!
2014-06-17 10:35:11,352 DEBUG [com.mago.db.DBConnectionManager] - Connection [14] is fetched from connection pool and will be used for the following operation.
2014-06-17 10:35:11,356 DEBUG [com.mago.web.action.GetListAction] - Get articles list from DataBase!
2014-06-17 10:35:11,359 DEBUG [com.mago.db.DBConnection] - Start get article list from article_base,article_ext,user_ext tables!
2014-06-17 10:35:11,360 DEBUG [com.mago.db.DBConnection] - End get article list from article_base,article_ext,user_ext tables!
2014-06-17 10:35:11,361 DEBUG [com.mago.web.action.GetListAction] - Successed to get articles list from DataBase!
2014-06-17 10:35:37,953 DEBUG [com.mago.db.DBConnectionManager] - Connection [15] is fetched from connection pool and will be used for the following operation.
2014-06-17 10:35:37,954 DEBUG [com.mago.db.DBConnection] - Get all the classes from DataBase!
2014-06-17 10:35:37,955 DEBUG [com.mago.db.DBConnection] - Start get all classes from classe table!
2014-06-17 10:35:37,957 DEBUG [com.mago.db.DBConnection] - End get all classes from classe table!
2014-06-17 10:35:37,958 DEBUG [com.mago.db.DBConnection] - Successed to get all the classes from DataBase!
2014-06-17 10:35:37,961 DEBUG [com.mago.db.DBConnectionManager] - Connection [16] is fetched from connection pool and will be used for the following operation.
2014-06-17 10:35:37,962 DEBUG [com.mago.web.action.GetAdAction] - Get the newest ad articles from DataBase!
2014-06-17 10:35:37,965 DEBUG [com.mago.db.DBConnection] - Start get ad list from article_base,article_extuser_ext tables!
2014-06-17 10:35:37,966 DEBUG [com.mago.db.DBConnection] - End get ad list from article_base,article_extuser_ext tables!
2014-06-17 10:35:37,967 DEBUG [com.mago.web.action.GetAdAction] - Successed to get newest ad articles from DataBase!
2014-06-17 10:35:37,969 DEBUG [com.mago.db.DBConnectionManager] - Connection [17] is fetched from connection pool and will be used for the following operation.
2014-06-17 10:35:37,970 DEBUG [com.mago.web.action.GetMainServiceAction] - Get main services from DataBase!
2014-06-17 10:35:37,972 DEBUG [com.mago.db.DBConnection] - Start get all main service from article_base,article_ext tables!
2014-06-17 10:35:37,973 DEBUG [com.mago.db.DBConnection] - End get all classes from article_base,article_ext tables!
2014-06-17 10:35:37,973 DEBUG [com.mago.web.action.GetMainServiceAction] - Successed to get the main service from DataBase!
2014-06-17 10:35:37,976 DEBUG [com.mago.db.DBConnectionManager] - Connection [18] is fetched from connection pool and will be used for the following operation.
2014-06-17 10:35:37,977 DEBUG [com.mago.web.action.GetProjectCarouselAction] - Get the newest pic articles viewed articles from DataBase!
2014-06-17 10:35:37,980 DEBUG [com.mago.db.DBConnection] - Start get newest picture list from article_base,article_extuser_ext tables!
2014-06-17 10:35:37,981 DEBUG [com.mago.db.DBConnection] - End get newest picture list from article_base,article_extuser_ext tables!
2014-06-17 10:35:37,982 DEBUG [com.mago.web.action.GetProjectCarouselAction] - Successed to get newest pic articles from DataBase!
2014-06-17 10:35:37,984 DEBUG [com.mago.db.DBConnectionManager] - Connection [19] is fetched from connection pool and will be used for the following operation.
2014-06-17 10:35:37,985 DEBUG [com.mago.web.action.GetBlogCarouselAction] - Get the most viewed articles from DataBase!
2014-06-17 10:35:37,987 DEBUG [com.mago.db.DBConnection] - Start get article list from article_base,article_extuser_ext tables!
2014-06-17 10:35:37,989 DEBUG [com.mago.db.DBConnection] - End get article list from article_base,article_ext,user_ext tables!
2014-06-17 10:35:37,990 DEBUG [com.mago.web.action.GetBlogCarouselAction] - Successed to get most viewed articles from DataBase!
2014-06-17 10:37:35,262 WARN [com.mago.db.DBConnectionManager] - Connection pool is fully occupied, there must be some operations which does not release the DB connections, report to system operator!
2014-06-17 10:37:35,306 DEBUG [com.mago.db.DBConnectionManager] - Connection [100] is used for the following operation.
2014-06-17 10:37:35,307 DEBUG [com.mago.web.action.GetArticleAction] - Get the article according the articleId from DataBase!
2014-06-17 10:37:35,311 DEBUG [com.mago.db.DBConnection] - Start get the article from article_base,article_ext,user_ext tables!
2014-06-17 10:37:35,315 DEBUG [com.mago.db.DBConnection] - End get the article from article_base,article_ext,user_ext tables!
2014-06-17 10:37:35,316 DEBUG [com.mago.web.action.GetArticleAction] - Successed to get the article from DataBase!
2014-06-17 10:37:35,319 WARN [com.mago.db.DBConnectionManager] - Connection pool is fully occupied, there must be some operations which does not release the DB connections, report to system operator!
2014-06-17 10:37:35,410 DEBUG [com.mago.db.DBConnectionManager] - Connection [100] is used for the following operation.
2014-06-17 10:37:35,411 WARN [com.mago.db.DBConnectionManager] - Connection pool is fully occupied, there must be some operations which does not release the DB connections, report to system operator!
2014-06-17 10:37:35,412 DEBUG [com.mago.db.DBConnection] - Start get viewNum(articleId=1) from article_base table!
2014-06-17 10:37:35,415 DEBUG [com.mago.db.DBConnection] - End get viewNum(articleId=1) from article_base table!
2014-06-17 10:37:35,452 DEBUG [com.mago.db.DBConnectionManager] - Connection [100] is used for the following operation.
2014-06-17 10:37:35,453 WARN [com.mago.db.DBConnectionManager] - Connection pool is fully occupied, there must be some operations which does not release the DB connections, report to system operator!
2014-06-17 10:37:35,464 DEBUG [com.mago.db.DBConnectionManager] - Connection [100] is used for the following operation.
2014-06-17 10:37:35,465 DEBUG [com.mago.web.action.GetNewestArticleAction] - Get the newest articles viewed articles from DataBase!
2014-06-17 10:37:35,467 DEBUG [com.mago.db.DBConnection] - Start get newest article list from article_base,article_extuser_ext tables!
2014-06-17 10:37:35,467 DEBUG [com.mago.db.DBConnection] - End get newest article list from article_base,article_ext,user_ext tables!
2014-06-17 10:37:35,468 DEBUG [com.mago.web.action.GetNewestArticleAction] - Successed to get newes articles from DataBase!
2014-06-17 10:37:35,497 DEBUG [com.mago.db.DBConnection] - Update viewNum of the special article(articleId=1)!
2014-06-17 10:37:49,662 WARN [com.mago.db.DBConnectionManager] - Connection pool is fully occupied, there must be some operations which does not release the DB connections, report to system operator!
2014-06-17 10:37:49,706 DEBUG [com.mago.db.DBConnectionManager] - Connection [100] is used for the following operation.
2014-06-17 10:37:49,707 DEBUG [com.mago.web.action.GetArticleAction] - Get the article according the articleId from DataBase!
2014-06-17 10:37:49,710 DEBUG [com.mago.db.DBConnection] - Start get the article from article_base,article_ext,user_ext tables!
2014-06-17 10:37:49,711 DEBUG [com.mago.db.DBConnection] - End get the article from article_base,article_ext,user_ext tables!
2014-06-17 10:37:49,712 DEBUG [com.mago.web.action.GetArticleAction] - Successed to get the article from DataBase!
2014-06-17 10:37:49,713 WARN [com.mago.db.DBConnectionManager] - Connection pool is fully occupied, there must be some operations which does not release the DB connections, report to system operator!
2014-06-17 10:37:49,735 DEBUG [com.mago.db.DBConnectionManager] - Connection [100] is used for the following operation.
2014-06-17 10:37:49,736 WARN [com.mago.db.DBConnectionManager] - Connection pool is fully occupied, there must be some operations which does not release the DB connections, report to system operator!
2014-06-17 10:37:49,737 DEBUG [com.mago.db.DBConnection] - Start get viewNum(articleId=7) from article_base table!
2014-06-17 10:37:49,738 DEBUG [com.mago.db.DBConnection] - End get viewNum(articleId=7) from article_base table!
2014-06-17 10:37:49,764 DEBUG [com.mago.db.DBConnectionManager] - Connection [100] is used for the following operation.
2014-06-17 10:37:49,805 DEBUG [com.mago.db.DBConnection] - Update viewNum of the special article(articleId=7)!
2014-06-17 10:37:54,692 WARN [com.mago.db.DBConnectionManager] - Connection pool is fully occupied, there must be some operations which does not release the DB connections, report to system operator!
2014-06-17 10:37:54,716 DEBUG [com.mago.db.DBConnectionManager] - Connection [100] is used for the following operation.
2014-06-17 10:37:54,717 DEBUG [com.mago.web.action.GetArticleAction] - Get the article according the articleId from DataBase!
2014-06-17 10:37:54,718 DEBUG [com.mago.db.DBConnection] - Start get the article from article_base,article_ext,user_ext tables!
2014-06-17 10:37:54,719 DEBUG [com.mago.db.DBConnection] - End get the article from article_base,article_ext,user_ext tables!
2014-06-17 10:37:54,720 DEBUG [com.mago.web.action.GetArticleAction] - Successed to get the article from DataBase!
2014-06-17 10:37:54,721 WARN [com.mago.db.DBConnectionManager] - Connection pool is fully occupied, there must be some operations which does not release the DB connections, report to system operator!
2014-06-17 10:37:54,736 DEBUG [com.mago.db.DBConnectionManager] - Connection [100] is used for the following operation.
2014-06-17 10:37:54,737 WARN [com.mago.db.DBConnectionManager] - Connection pool is fully occupied, there must be some operations which does not release the DB connections, report to system operator!
2014-06-17 10:37:54,751 DEBUG [com.mago.db.DBConnectionManager] - Connection [100] is used for the following operation.
2014-06-17 10:37:54,783 DEBUG [com.mago.db.DBConnection] - Start get viewNum(articleId=10) from article_base table!
2014-06-17 10:37:54,784 DEBUG [com.mago.db.DBConnection] - End get viewNum(articleId=10) from article_base table!
2014-06-17 10:37:54,814 DEBUG [com.mago.db.DBConnection] - Update viewNum of the special article(articleId=10)!
2014-06-17 10:39:41,640 WARN [com.mago.db.DBConnectionManager] - Connection pool is fully occupied, there must be some operations which does not release the DB connections, report to system operator!
2014-06-17 10:39:41,689 DEBUG [com.mago.db.DBConnectionManager] - Connection [100] is used for the following operation.
2014-06-17 10:39:41,690 DEBUG [com.mago.web.action.GetArticleAction] - Get the article according the articleId from DataBase!
2014-06-17 10:39:41,693 DEBUG [com.mago.db.DBConnection] - Start get the article from article_base,article_ext,user_ext tables!
2014-06-17 10:39:41,694 DEBUG [com.mago.db.DBConnection] - End get the article from article_base,article_ext,user_ext tables!
2014-06-17 10:39:41,695 DEBUG [com.mago.web.action.GetArticleAction] - Successed to get the article from DataBase!
2014-06-17 10:39:41,697 WARN [com.mago.db.DBConnectionManager] - Connection pool is fully occupied, there must be some operations which does not release the DB connections, report to system operator!
2014-06-17 10:39:41,736 DEBUG [com.mago.db.DBConnectionManager] - Connection [100] is used for the following operation.
2014-06-17 10:39:41,737 WARN [com.mago.db.DBConnectionManager] - Connection pool is fully occupied, there must be some operations which does not release the DB connections, report to system operator!
2014-06-17 10:39:41,739 DEBUG [com.mago.db.DBConnection] - Start get viewNum(articleId=5) from article_base table!
2014-06-17 10:39:41,740 DEBUG [com.mago.db.DBConnection] - End get viewNum(articleId=5) from article_base table!
2014-06-17 10:39:41,760 DEBUG [com.mago.db.DBConnectionManager] - Connection [100] is used for the following operation.
2014-06-17 10:39:41,792 DEBUG [com.mago.db.DBConnection] - Update viewNum of the special article(articleId=5)!
2014-06-17 10:40:25,185 WARN [com.mago.db.DBConnectionManager] - Connection pool is fully occupied, there must be some operations which does not release the DB connections, report to system operator!
2014-06-17 10:40:25,230 DEBUG [com.mago.db.DBConnectionManager] - Connection [100] is used for the following operation.
2014-06-17 10:40:25,231 DEBUG [com.mago.web.action.GetArticleAction] - Get the article according the articleId from DataBase!
2014-06-17 10:40:25,234 DEBUG [com.mago.db.DBConnection] - Start get the article from article_base,article_ext,user_ext tables!
2014-06-17 10:40:25,235 DEBUG [com.mago.db.DBConnection] - End get the article from article_base,article_ext,user_ext tables!
2014-06-17 10:40:25,236 DEBUG [com.mago.web.action.GetArticleAction] - Successed to get the article from DataBase!
2014-06-17 10:40:25,237 WARN [com.mago.db.DBConnectionManager] - Connection pool is fully occupied, there must be some operations which does not release the DB connections, report to system operator!
2014-06-17 10:40:25,267 DEBUG [com.mago.db.DBConnectionManager] - Connection [100] is used for the following operation.
2014-06-17 10:40:25,268 WARN [com.mago.db.DBConnectionManager] - Connection pool is fully occupied, there must be some operations which does not release the DB connections, report to system operator!
2014-06-17 10:40:25,269 DEBUG [com.mago.db.DBConnection] - Start get viewNum(articleId=4) from article_base table!
2014-06-17 10:40:25,269 DEBUG [com.mago.db.DBConnection] - End get viewNum(articleId=4) from article_base table!
2014-06-17 10:40:25,286 DEBUG [com.mago.db.DBConnectionManager] - Connection [100] is used for the following operation.
2014-06-17 10:40:25,317 DEBUG [com.mago.db.DBConnection] - Update viewNum of the special article(articleId=4)!
2014-06-17 10:42:10,434 WARN [com.mago.db.DBConnectionManager] - Connection pool is fully occupied, there must be some operations which does not release the DB connections, report to system operator!
2014-06-17 10:42:10,449 DEBUG [com.mago.db.DBConnectionManager] - Connection [100] is used for the following operation.
2014-06-17 10:42:10,450 DEBUG [com.mago.web.action.GetArticleAction] - Get the article according the articleId from DataBase!
2014-06-17 10:42:10,451 DEBUG [com.mago.db.DBConnection] - Start get the article from article_base,article_ext,user_ext tables!
2014-06-17 10:42:10,452 DEBUG [com.mago.db.DBConnection] - End get the article from article_base,article_ext,user_ext tables!
2014-06-17 10:42:10,452 DEBUG [com.mago.web.action.GetArticleAction] - Successed to get the article from DataBase!
2014-06-17 10:42:10,453 WARN [com.mago.db.DBConnectionManager] - Connection pool is fully occupied, there must be some operations which does not release the DB connections, report to system operator!
2014-06-17 10:42:10,481 DEBUG [com.mago.db.DBConnectionManager] - Connection [100] is used for the following operation.
2014-06-17 10:42:10,482 WARN [com.mago.db.DBConnectionManager] - Connection pool is fully occupied, there must be some operations which does not release the DB connections, report to system operator!
2014-06-17 10:42:10,482 DEBUG [com.mago.db.DBConnection] - Start get viewNum(articleId=1) from article_base table!
2014-06-17 10:42:10,483 DEBUG [com.mago.db.DBConnection] - End get viewNum(articleId=1) from article_base table!
2014-06-17 10:42:10,494 DEBUG [com.mago.db.DBConnectionManager] - Connection [100] is used for the following operation.
2014-06-17 10:42:10,526 DEBUG [com.mago.db.DBConnection] - Update viewNum of the special article(articleId=1)!
2014-06-17 10:53:38,749 WARN [com.mago.db.DBConnectionManager] - Connection pool is fully occupied, there must be some operations which does not release the DB connections, report to system operator!
2014-06-17 10:53:38,775 DEBUG [com.mago.db.DBConnectionManager] - Connection [100] is used for the following operation.
2014-06-17 10:53:38,775 DEBUG [com.mago.web.action.GetArticleAction] - Get the article according the articleId from DataBase!
2014-06-17 10:53:38,776 DEBUG [com.mago.db.DBConnection] - Start get the article from article_base,article_ext,user_ext tables!
2014-06-17 10:53:38,777 DEBUG [com.mago.db.DBConnection] - End get the article from article_base,article_ext,user_ext tables!
2014-06-17 10:53:38,777 DEBUG [com.mago.web.action.GetArticleAction] - Successed to get the article from DataBase!
2014-06-17 10:53:38,778 WARN [com.mago.db.DBConnectionManager] - Connection pool is fully occupied, there must be some operations which does not release the DB connections, report to system operator!
2014-06-17 10:53:38,793 DEBUG [com.mago.db.DBConnectionManager] - Connection [100] is used for the following operation.
2014-06-17 10:53:38,793 WARN [com.mago.db.DBConnectionManager] - Connection pool is fully occupied, there must be some operations which does not release the DB connections, report to system operator!
2014-06-17 10:53:38,794 DEBUG [com.mago.db.DBConnection] - Start get viewNum(articleId=3) from article_base table!
2014-06-17 10:53:38,795 DEBUG [com.mago.db.DBConnection] - End get viewNum(articleId=3) from article_base table!
2014-06-17 10:53:38,809 DEBUG [com.mago.db.DBConnectionManager] - Connection [100] is used for the following operation.
2014-06-17 10:53:38,836 DEBUG [com.mago.db.DBConnection] - Update viewNum of the special article(articleId=3)!
2014-06-17 10:59:48,545 WARN [com.mago.db.DBConnectionManager] - Connection pool is fully occupied, there must be some operations which does not release the DB connections, report to system operator!
2014-06-17 10:59:48,587 DEBUG [com.mago.db.DBConnectionManager] - Connection [100] is used for the following operation.
2014-06-17 10:59:48,588 DEBUG [com.mago.web.action.GetListAction] - Get articles list from DataBase!
2014-06-17 10:59:48,599 DEBUG [com.mago.db.DBConnection] - Start get article list from article_base,article_ext,user_ext tables!
2014-06-17 10:59:48,600 DEBUG [com.mago.db.DBConnection] - End get article list from article_base,article_ext,user_ext tables!
2014-06-17 10:59:48,601 DEBUG [com.mago.web.action.GetListAction] - Successed to get articles list from DataBase!
2014-06-17 10:59:49,947 WARN [com.mago.db.DBConnectionManager] - Connection pool is fully occupied, there must be some operations which does not release the DB connections, report to system operator!
2014-06-17 10:59:49,989 DEBUG [com.mago.db.DBConnectionManager] - Connection [100] is used for the following operation.
2014-06-17 10:59:49,990 DEBUG [com.mago.web.action.GetListAction] - Get articles list from DataBase!
2014-06-17 10:59:49,992 DEBUG [com.mago.db.DBConnection] - Start get article list from article_base,article_ext,user_ext tables!
2014-06-17 10:59:49,994 DEBUG [com.mago.db.DBConnection] - End get article list from article_base,article_ext,user_ext tables!
2014-06-17 10:59:49,995 DEBUG [com.mago.web.action.GetListAction] - Successed to get articles list from DataBase!
2014-06-17 10:59:50,897 WARN [com.mago.db.DBConnectionManager] - Connection pool is fully occupied, there must be some operations which does not release the DB connections, report to system operator!
2014-06-17 10:59:50,915 DEBUG [com.mago.db.DBConnectionManager] - Connection [100] is used for the following operation.
2014-06-17 10:59:50,916 DEBUG [com.mago.web.action.GetListAction] - Get articles list from DataBase!
2014-06-17 10:59:50,917 DEBUG [com.mago.db.DBConnection] - Start get article list from article_base,article_ext,user_ext tables!
2014-06-17 10:59:50,918 DEBUG [com.mago.db.DBConnection] - End get article list from article_base,article_ext,user_ext tables!
2014-06-17 10:59:50,918 DEBUG [com.mago.web.action.GetListAction] - Successed to get articles list from DataBase!
2014-06-17 10:59:51,962 WARN [com.mago.db.DBConnectionManager] - Connection pool is fully occupied, there must be some operations which does not release the DB connections, report to system operator!
2014-06-17 10:59:51,978 DEBUG [com.mago.db.DBConnectionManager] - Connection [100] is used for the following operation.
2014-06-17 10:59:51,979 DEBUG [com.mago.web.action.GetListAction] - Get articles list from DataBase!
2014-06-17 10:59:51,980 DEBUG [com.mago.db.DBConnection] - Start get article list from article_base,article_ext,user_ext tables!
2014-06-17 10:59:51,981 DEBUG [com.mago.db.DBConnection] - End get article list from article_base,article_ext,user_ext tables!
2014-06-17 10:59:51,981 DEBUG [com.mago.web.action.GetListAction] - Successed to get articles list from DataBase!
2014-06-17 10:59:53,056 WARN [com.mago.db.DBConnectionManager] - Connection pool is fully occupied, there must be some operations which does not release the DB connections, report to system operator!
2014-06-17 10:59:53,083 DEBUG [com.mago.db.DBConnectionManager] - Connection [100] is used for the following operation.
2014-06-17 10:59:53,083 DEBUG [com.mago.web.action.GetListAction] - Get articles list from DataBase!
2014-06-17 10:59:53,085 DEBUG [com.mago.db.DBConnection] - Start get article list from article_base,article_ext,user_ext tables!
2014-06-17 10:59:53,086 DEBUG [com.mago.db.DBConnection] - End get article list from article_base,article_ext,user_ext tables!
2014-06-17 10:59:53,086 DEBUG [com.mago.web.action.GetListAction] - Successed to get articles list from DataBase!
